[1.330s] Invoking command in '/home/malavika/turtle_py_ws/src/turtle_py_pkg': DEBUGINFOD_URLS=https://debuginfod.ubuntu.com PYTHONPATH=/home/malavika/turtle_py_ws/build/turtle_py_pkg/prefix_override:/usr/lib/python3/dist-packages/colcon_core/task/python/colcon_distutils_commands:/home/malavika/turtle_py_ws/install/turtle_py_pkg/lib/python3.12/site-packages:${PYTHONPATH} /usr/bin/python3 -W ignore:setup.py install is deprecated -W ignore:easy_install command is deprecated setup.py egg_info --egg-base ../../build/turtle_py_pkg build --build-base /home/malavika/turtle_py_ws/build/turtle_py_pkg/build install --record /home/malavika/turtle_py_ws/build/turtle_py_pkg/install.log --single-version-externally-managed install_data
[1.832s] running egg_info
[1.832s] creating ../../build/turtle_py_pkg/turtle_py_pkg.egg-info
[1.865s] writing ../../build/turtle_py_pkg/turtle_py_pkg.egg-info/PKG-INFO
[1.865s] writing dependency_links to ../../build/turtle_py_pkg/turtle_py_pkg.egg-info/dependency_links.txt
[1.865s] writing entry points to ../../build/turtle_py_pkg/turtle_py_pkg.egg-info/entry_points.txt
[1.865s] writing requirements to ../../build/turtle_py_pkg/turtle_py_pkg.egg-info/requires.txt
[1.866s] writing top-level names to ../../build/turtle_py_pkg/turtle_py_pkg.egg-info/top_level.txt
[1.866s] writing manifest file '../../build/turtle_py_pkg/turtle_py_pkg.egg-info/SOURCES.txt'
[1.934s] reading manifest file '../../build/turtle_py_pkg/turtle_py_pkg.egg-info/SOURCES.txt'
[1.935s] writing manifest file '../../build/turtle_py_pkg/turtle_py_pkg.egg-info/SOURCES.txt'
[1.935s] running build
[1.935s] running build_py
[1.935s] creating /home/malavika/turtle_py_ws/build/turtle_py_pkg/build
[1.936s] creating /home/malavika/turtle_py_ws/build/turtle_py_pkg/build/lib
[1.936s] creating /home/malavika/turtle_py_ws/build/turtle_py_pkg/build/lib/turtle_py_pkg
[1.936s] copying turtle_py_pkg/demo.py -> /home/malavika/turtle_py_ws/build/turtle_py_pkg/build/lib/turtle_py_pkg
[1.936s] copying turtle_py_pkg/__init__.py -> /home/malavika/turtle_py_ws/build/turtle_py_pkg/build/lib/turtle_py_pkg
[1.937s] running install
[1.946s] running install_lib
[1.979s] creating /home/malavika/turtle_py_ws/install/turtle_py_pkg/lib/python3.12/site-packages/turtle_py_pkg
[1.979s] copying /home/malavika/turtle_py_ws/build/turtle_py_pkg/build/lib/turtle_py_pkg/demo.py -> /home/malavika/turtle_py_ws/install/turtle_py_pkg/lib/python3.12/site-packages/turtle_py_pkg
[1.979s] copying /home/malavika/turtle_py_ws/build/turtle_py_pkg/build/lib/turtle_py_pkg/__init__.py -> /home/malavika/turtle_py_ws/install/turtle_py_pkg/lib/python3.12/site-packages/turtle_py_pkg
[1.980s] byte-compiling /home/malavika/turtle_py_ws/install/turtle_py_pkg/lib/python3.12/site-packages/turtle_py_pkg/demo.py to demo.cpython-312.pyc
[1.981s] byte-compiling /home/malavika/turtle_py_ws/install/turtle_py_pkg/lib/python3.12/site-packages/turtle_py_pkg/__init__.py to __init__.cpython-312.pyc
[1.981s] running install_data
[1.981s] creating /home/malavika/turtle_py_ws/install/turtle_py_pkg/share/ament_index
[1.982s] creating /home/malavika/turtle_py_ws/install/turtle_py_pkg/share/ament_index/resource_index
[1.982s] creating /home/malavika/turtle_py_ws/install/turtle_py_pkg/share/ament_index/resource_index/packages
[1.982s] copying resource/turtle_py_pkg -> /home/malavika/turtle_py_ws/install/turtle_py_pkg/share/ament_index/resource_index/packages
[1.982s] copying package.xml -> /home/malavika/turtle_py_ws/install/turtle_py_pkg/share/turtle_py_pkg
[1.982s] running install_egg_info
[2.017s] Copying ../../build/turtle_py_pkg/turtle_py_pkg.egg-info to /home/malavika/turtle_py_ws/install/turtle_py_pkg/lib/python3.12/site-packages/turtle_py_pkg-0.0.0-py3.12.egg-info
[2.019s] running install_scripts
[2.252s] Installing publisher script to /home/malavika/turtle_py_ws/install/turtle_py_pkg/lib/turtle_py_pkg
[2.253s] writing list of installed files to '/home/malavika/turtle_py_ws/build/turtle_py_pkg/install.log'
[2.292s] Invoked command in '/home/malavika/turtle_py_ws/src/turtle_py_pkg' returned '0': DEBUGINFOD_URLS=https://debuginfod.ubuntu.com PYTHONPATH=/home/malavika/turtle_py_ws/build/turtle_py_pkg/prefix_override:/usr/lib/python3/dist-packages/colcon_core/task/python/colcon_distutils_commands:/home/malavika/turtle_py_ws/install/turtle_py_pkg/lib/python3.12/site-packages:${PYTHONPATH} /usr/bin/python3 -W ignore:setup.py install is deprecated -W ignore:easy_install command is deprecated setup.py egg_info --egg-base ../../build/turtle_py_pkg build --build-base /home/malavika/turtle_py_ws/build/turtle_py_pkg/build install --record /home/malavika/turtle_py_ws/build/turtle_py_pkg/install.log --single-version-externally-managed install_data
