[0.591s] Invoking command in '/home/malavika/turtle_py_ws/src/turtle_py_pkg': DEBUGINFOD_URLS=https://debuginfod.ubuntu.com PYTHONPATH=/home/malavika/turtle_py_ws/build/turtle_py_pkg/prefix_override:/usr/lib/python3/dist-packages/colcon_core/task/python/colcon_distutils_commands:/home/malavika/turtle_py_ws/install/turtle_py_pkg/lib/python3.12/site-packages:${PYTHONPATH} /usr/bin/python3 -W ignore:setup.py install is deprecated -W ignore:easy_install command is deprecated setup.py egg_info --egg-base ../../build/turtle_py_pkg build --build-base /home/malavika/turtle_py_ws/build/turtle_py_pkg/build install --record /home/malavika/turtle_py_ws/build/turtle_py_pkg/install.log --single-version-externally-managed install_data
[0.794s] running egg_info
[0.810s] writing ../../build/turtle_py_pkg/turtle_py_pkg.egg-info/PKG-INFO
[0.810s] writing dependency_links to ../../build/turtle_py_pkg/turtle_py_pkg.egg-info/dependency_links.txt
[0.810s] writing entry points to ../../build/turtle_py_pkg/turtle_py_pkg.egg-info/entry_points.txt
[0.810s] writing requirements to ../../build/turtle_py_pkg/turtle_py_pkg.egg-info/requires.txt
[0.810s] writing top-level names to ../../build/turtle_py_pkg/turtle_py_pkg.egg-info/top_level.txt
[0.841s] reading manifest file '../../build/turtle_py_pkg/turtle_py_pkg.egg-info/SOURCES.txt'
[0.842s] writing manifest file '../../build/turtle_py_pkg/turtle_py_pkg.egg-info/SOURCES.txt'
[0.842s] running build
[0.842s] running build_py
[0.842s] copying turtle_py_pkg/demo.py -> /home/malavika/turtle_py_ws/build/turtle_py_pkg/build/lib/turtle_py_pkg
[0.842s] running install
[0.847s] running install_lib
[0.862s] copying /home/malavika/turtle_py_ws/build/turtle_py_pkg/build/lib/turtle_py_pkg/demo.py -> /home/malavika/turtle_py_ws/install/turtle_py_pkg/lib/python3.12/site-packages/turtle_py_pkg
[0.863s] byte-compiling /home/malavika/turtle_py_ws/install/turtle_py_pkg/lib/python3.12/site-packages/turtle_py_pkg/demo.py to demo.cpython-312.pyc
[0.864s] running install_data
[0.864s] running install_egg_info
[0.881s] removing '/home/malavika/turtle_py_ws/install/turtle_py_pkg/lib/python3.12/site-packages/turtle_py_pkg-0.0.0-py3.12.egg-info' (and everything under it)
[0.881s] Copying ../../build/turtle_py_pkg/turtle_py_pkg.egg-info to /home/malavika/turtle_py_ws/install/turtle_py_pkg/lib/python3.12/site-packages/turtle_py_pkg-0.0.0-py3.12.egg-info
[0.881s] running install_scripts
[0.990s] Installing publisher script to /home/malavika/turtle_py_ws/install/turtle_py_pkg/lib/turtle_py_pkg
[0.990s] writing list of installed files to '/home/malavika/turtle_py_ws/build/turtle_py_pkg/install.log'
[1.011s] Invoked command in '/home/malavika/turtle_py_ws/src/turtle_py_pkg' returned '0': DEBUGINFOD_URLS=https://debuginfod.ubuntu.com PYTHONPATH=/home/malavika/turtle_py_ws/build/turtle_py_pkg/prefix_override:/usr/lib/python3/dist-packages/colcon_core/task/python/colcon_distutils_commands:/home/malavika/turtle_py_ws/install/turtle_py_pkg/lib/python3.12/site-packages:${PYTHONPATH} /usr/bin/python3 -W ignore:setup.py install is deprecated -W ignore:easy_install command is deprecated setup.py egg_info --egg-base ../../build/turtle_py_pkg build --build-base /home/malavika/turtle_py_ws/build/turtle_py_pkg/build install --record /home/malavika/turtle_py_ws/build/turtle_py_pkg/install.log --single-version-externally-managed install_data
