[1.037s] Invoking command in '/home/malavika/turtle_py_ws/src/turtle_py_pkg': DEBUGINFOD_URLS=https://debuginfod.ubuntu.com PYTHONPATH=/home/malavika/turtle_py_ws/build/turtle_py_pkg/prefix_override:/usr/lib/python3/dist-packages/colcon_core/task/python/colcon_distutils_commands:/home/malavika/turtle_py_ws/install/turtle_py_pkg/lib/python3.12/site-packages: /usr/bin/python3 -W ignore:setup.py install is deprecated -W ignore:easy_install command is deprecated setup.py egg_info --egg-base ../../build/turtle_py_pkg build --build-base /home/malavika/turtle_py_ws/build/turtle_py_pkg/build install --record /home/malavika/turtle_py_ws/build/turtle_py_pkg/install.log --single-version-externally-managed install_data
[1.350s] running egg_info
[1.367s] writing ../../build/turtle_py_pkg/turtle_py_pkg.egg-info/PKG-INFO
[1.370s] writing dependency_links to ../../build/turtle_py_pkg/turtle_py_pkg.egg-info/dependency_links.txt
[1.370s] writing entry points to ../../build/turtle_py_pkg/turtle_py_pkg.egg-info/entry_points.txt
[1.371s] writing requirements to ../../build/turtle_py_pkg/turtle_py_pkg.egg-info/requires.txt
[1.371s] writing top-level names to ../../build/turtle_py_pkg/turtle_py_pkg.egg-info/top_level.txt
[1.408s] reading manifest file '../../build/turtle_py_pkg/turtle_py_pkg.egg-info/SOURCES.txt'
[1.410s] writing manifest file '../../build/turtle_py_pkg/turtle_py_pkg.egg-info/SOURCES.txt'
[1.410s] running build
[1.410s] running build_py
[1.411s] running install
[1.420s] running install_lib
[1.439s] running install_data
[1.440s] running install_egg_info
[1.459s] removing '/home/malavika/turtle_py_ws/install/turtle_py_pkg/lib/python3.12/site-packages/turtle_py_pkg-0.0.0-py3.12.egg-info' (and everything under it)
[1.460s] Copying ../../build/turtle_py_pkg/turtle_py_pkg.egg-info to /home/malavika/turtle_py_ws/install/turtle_py_pkg/lib/python3.12/site-packages/turtle_py_pkg-0.0.0-py3.12.egg-info
[1.462s] running install_scripts
[1.606s] Installing publisher script to /home/malavika/turtle_py_ws/install/turtle_py_pkg/lib/turtle_py_pkg
[1.609s] writing list of installed files to '/home/malavika/turtle_py_ws/build/turtle_py_pkg/install.log'
[1.645s] Invoked command in '/home/malavika/turtle_py_ws/src/turtle_py_pkg' returned '0': DEBUGINFOD_URLS=https://debuginfod.ubuntu.com PYTHONPATH=/home/malavika/turtle_py_ws/build/turtle_py_pkg/prefix_override:/usr/lib/python3/dist-packages/colcon_core/task/python/colcon_distutils_commands:/home/malavika/turtle_py_ws/install/turtle_py_pkg/lib/python3.12/site-packages: /usr/bin/python3 -W ignore:setup.py install is deprecated -W ignore:easy_install command is deprecated setup.py egg_info --egg-base ../../build/turtle_py_pkg build --build-base /home/malavika/turtle_py_ws/build/turtle_py_pkg/build install --record /home/malavika/turtle_py_ws/build/turtle_py_pkg/install.log --single-version-externally-managed install_data
