running egg_info
writing ../../build/turtle_py_pkg/turtle_py_pkg.egg-info/PKG-INFO
writing dependency_links to ../../build/turtle_py_pkg/turtle_py_pkg.egg-info/dependency_links.txt
writing entry points to ../../build/turtle_py_pkg/turtle_py_pkg.egg-info/entry_points.txt
writing requirements to ../../build/turtle_py_pkg/turtle_py_pkg.egg-info/requires.txt
writing top-level names to ../../build/turtle_py_pkg/turtle_py_pkg.egg-info/top_level.txt
reading manifest file '../../build/turtle_py_pkg/turtle_py_pkg.egg-info/SOURCES.txt'
writing manifest file '../../build/turtle_py_pkg/turtle_py_pkg.egg-info/SOURCES.txt'
running build
running build_py
copying turtle_py_pkg/demo.py -> /home/malavika/turtle_py_ws/build/turtle_py_pkg/build/lib/turtle_py_pkg
running install
running install_lib
copying /home/malavika/turtle_py_ws/build/turtle_py_pkg/build/lib/turtle_py_pkg/demo.py -> /home/malavika/turtle_py_ws/install/turtle_py_pkg/lib/python3.12/site-packages/turtle_py_pkg
byte-compiling /home/malavika/turtle_py_ws/install/turtle_py_pkg/lib/python3.12/site-packages/turtle_py_pkg/demo.py to demo.cpython-312.pyc
running install_data
running install_egg_info
removing '/home/malavika/turtle_py_ws/install/turtle_py_pkg/lib/python3.12/site-packages/turtle_py_pkg-0.0.0-py3.12.egg-info' (and everything under it)
Copying ../../build/turtle_py_pkg/turtle_py_pkg.egg-info to /home/malavika/turtle_py_ws/install/turtle_py_pkg/lib/python3.12/site-packages/turtle_py_pkg-0.0.0-py3.12.egg-info
running install_scripts
Installing publisher script to /home/malavika/turtle_py_ws/install/turtle_py_pkg/lib/turtle_py_pkg
writing list of installed files to '/home/malavika/turtle_py_ws/build/turtle_py_pkg/install.log'
